<?xml version="1.0" encoding="UTF-8"?>
<!-- Generated by org.testng.reporters.JUnitReportReporter -->
<testsuite skipped="0" hostname="LAPTOP-U6TJ3PMQ" name="realtor.testScenario1" tests="1" failures="0" timestamp="17 Oct 2018 04:57:11 GMT" time="59.917" errors="0">
  <testcase name="websiteNavigation" time="59.917" classname="realtor.testScenario1"/>
</testsuite> <!-- realtor.testScenario1 -->
