<?xml version="1.0" encoding="UTF-8"?>
<!-- Generated by org.testng.reporters.JUnitReportReporter -->
<testsuite skipped="0" hostname="LAPTOP-U6TJ3PMQ" name="realtor.scenario2Test" tests="1" failures="0" timestamp="18 Oct 2018 04:49:25 GMT" time="36.489" errors="0">
  <testcase name="resultSearch" time="36.489" classname="realtor.scenario2Test"/>
</testsuite> <!-- realtor.scenario2Test -->
