<?xml version="1.0" encoding="UTF-8"?>
<!-- Generated by org.testng.reporters.JUnitReportReporter -->
<testsuite skipped="0" hostname="LAPTOP-U6TJ3PMQ" name="realtor.Scenario1" tests="1" failures="0" timestamp="16 Oct 2018 07:11:30 GMT" time="11.073" errors="0">
  <testcase name="websiteNavigation" time="11.073" classname="realtor.Scenario1"/>
</testsuite> <!-- realtor.Scenario1 -->
