<?xml version="1.0" encoding="UTF-8"?>
<!-- Generated by org.testng.reporters.JUnitReportReporter -->
<testsuite skipped="0" hostname="LAPTOP-U6TJ3PMQ" name="realtor.scenario3BonusTest" tests="1" failures="0" timestamp="18 Oct 2018 04:49:25 GMT" time="33.446" errors="0">
  <testcase name="selectRandomImgUrl" time="33.446" classname="realtor.scenario3BonusTest"/>
</testsuite> <!-- realtor.scenario3BonusTest -->
