<?xml version="1.0" encoding="UTF-8"?>
<!-- Generated by org.testng.reporters.JUnitReportReporter -->
<testsuite skipped="0" hostname="LAPTOP-U6TJ3PMQ" name="realtor.scenario3SecondImageTest" tests="1" failures="0" timestamp="18 Oct 2018 03:15:04 GMT" time="32.911" errors="0">
  <testcase name="selectSecondUrl" time="32.911" classname="realtor.scenario3SecondImageTest"/>
</testsuite> <!-- realtor.scenario3SecondImageTest -->
