<?xml version="1.0" encoding="UTF-8"?>
<!-- Generated by org.testng.reporters.JUnitReportReporter -->
<testsuite skipped="0" hostname="LAPTOP-U6TJ3PMQ" name="realtor.scenario4Test2" tests="1" failures="0" timestamp="18 Oct 2018 04:10:41 GMT" time="44.844" errors="0">
  <testcase name="priceCheck" time="44.844" classname="realtor.scenario4Test2"/>
</testsuite> <!-- realtor.scenario4Test2 -->
