<?xml version="1.0" encoding="UTF-8"?>
<!-- Generated by org.testng.reporters.JUnitReportReporter -->
<testsuite skipped="0" hostname="LAPTOP-U6TJ3PMQ" name="realtor.scenario1Test" tests="1" failures="0" timestamp="18 Oct 2018 04:49:25 GMT" time="34.760" errors="0">
  <testcase name="websiteNavigation" time="34.760" classname="realtor.scenario1Test"/>
</testsuite> <!-- realtor.scenario1Test -->
