<?xml version="1.0" encoding="UTF-8"?>
<!-- Generated by org.testng.reporters.JUnitReportReporter -->
<testsuite skipped="0" hostname="LAPTOP-U6TJ3PMQ" name="realtor.testScenario3n5" tests="1" failures="0" timestamp="17 Oct 2018 02:34:57 GMT" time="20.302" errors="0">
  <testcase name="priceCheckBonus" time="20.302" classname="realtor.testScenario3n5"/>
</testsuite> <!-- realtor.testScenario3n5 -->
