<?xml version="1.0" encoding="UTF-8"?>
<!-- Generated by org.testng.reporters.JUnitReportReporter -->
<testsuite skipped="0" hostname="LAPTOP-U6TJ3PMQ" name="realtor.testScenario" tests="1" failures="0" timestamp="17 Oct 2018 00:05:12 GMT" time="34.095" errors="0">
  <testcase name="websiteNavigation" time="34.095" classname="realtor.testScenario"/>
</testsuite> <!-- realtor.testScenario -->
