<?xml version="1.0" encoding="UTF-8"?>
<!-- Generated by org.testng.reporters.JUnitReportReporter -->
<testsuite skipped="0" hostname="LAPTOP-U6TJ3PMQ" name="realtor.scenario3BonusTest" tests="1" failures="0" timestamp="18 Oct 2018 04:53:11 GMT" time="31.789" errors="0">
  <testcase name="selectRandomImgUrl" time="31.789" classname="realtor.scenario3BonusTest"/>
</testsuite> <!-- realtor.scenario3BonusTest -->
