<?xml version="1.0" encoding="UTF-8"?>
<!-- Generated by org.testng.reporters.JUnitReportReporter -->
<testsuite skipped="0" hostname="LAPTOP-U6TJ3PMQ" name="realtor.scenario4Test" tests="1" failures="0" timestamp="17 Oct 2018 14:49:05 GMT" time="32.941" errors="0">
  <testcase name="priceCheck" time="32.941" classname="realtor.scenario4Test"/>
</testsuite> <!-- realtor.scenario4Test -->
