<?xml version="1.0" encoding="UTF-8"?>
<!-- Generated by org.testng.reporters.JUnitReportReporter -->
<testsuite skipped="0" hostname="LAPTOP-U6TJ3PMQ" name="realtor.scenario4SecondSearchResultTest" tests="1" failures="0" timestamp="18 Oct 2018 04:53:11 GMT" time="32.966" errors="0">
  <testcase name="priceCheck" time="32.966" classname="realtor.scenario4SecondSearchResultTest"/>
</testsuite> <!-- realtor.scenario4SecondSearchResultTest -->
